have_library: checking for strcpy() in -llpsolve55... -------------------- yes

"gcc -o conftest -I/usr/local/include/ruby-2.0.0/x86_64-linux -I/usr/local/include/ruby-2.0.0/ruby/backward -I/usr/local/include/ruby-2.0.0 -I. -I/home/me/DFG_ILP/ext/include     -O3 -fno-fast-math -ggdb3 -Wall -Wextra -Wno-unused-parameter -Wno-parentheses -Wno-long-long -Wno-missing-field-initializers -Wunused-variable -Wpointer-arith -Wwrite-strings -Wdeclaration-after-statement -Wimplicit-function-declaration conftest.c  -L. -L/usr/local/lib -Wl,-R/usr/local/lib -L/home/me/DFG_ILP/lib -Wl,-R/home/me/DFG_ILP/lib -L. -fstack-protector -rdynamic -Wl,-export-dynamic     -Wl,-R -Wl,/usr/local/lib -L/usr/local/lib -lruby-static  -lpthread -lrt -ldl -lcrypt -lm   -lc"
checked program was:
/* begin */
1: #include "ruby.h"
2: 
3: int main(int argc, char **argv)
4: {
5:   return 0;
6: }
/* end */

"gcc -o conftest -I/usr/local/include/ruby-2.0.0/x86_64-linux -I/usr/local/include/ruby-2.0.0/ruby/backward -I/usr/local/include/ruby-2.0.0 -I. -I/home/me/DFG_ILP/ext/include     -O3 -fno-fast-math -ggdb3 -Wall -Wextra -Wno-unused-parameter -Wno-parentheses -Wno-long-long -Wno-missing-field-initializers -Wunused-variable -Wpointer-arith -Wwrite-strings -Wdeclaration-after-statement -Wimplicit-function-declaration conftest.c  -L. -L/usr/local/lib -Wl,-R/usr/local/lib -L/home/me/DFG_ILP/lib -Wl,-R/home/me/DFG_ILP/lib -L. -fstack-protector -rdynamic -Wl,-export-dynamic     -Wl,-R -Wl,/usr/local/lib -L/usr/local/lib -lruby-static -llpsolve55  -lpthread -lrt -ldl -lcrypt -lm   -lc"
conftest.c: In function ‘t’:
conftest.c:5:32: warning: variable ‘p’ set but not used [-Wunused-but-set-variable]
checked program was:
/* begin */
 1: #include "ruby.h"
 2: 
 3: /*top*/
 4: extern int t(void);
 5: int t(void) { void ((*volatile p)()); p = (void ((*)()))strcpy; return 0; }
 6: int main(int argc, char **argv)
 7: {
 8:   if (argc > 1000000) {
 9:     printf("%p", &t);
10:   }
11: 
12:   return 0;
13: }
/* end */

--------------------

have_header: checking for lpsolve/lp_lib.h... -------------------- yes

"gcc -E -I/usr/local/include/ruby-2.0.0/x86_64-linux -I/usr/local/include/ruby-2.0.0/ruby/backward -I/usr/local/include/ruby-2.0.0 -I. -I/home/me/DFG_ILP/ext/include     -O3 -fno-fast-math -ggdb3 -Wall -Wextra -Wno-unused-parameter -Wno-parentheses -Wno-long-long -Wno-missing-field-initializers -Wunused-variable -Wpointer-arith -Wwrite-strings -Wdeclaration-after-statement -Wimplicit-function-declaration  conftest.c -o conftest.i"
checked program was:
/* begin */
1: #include "ruby.h"
2: 
3: #include <lpsolve/lp_lib.h>
/* end */

--------------------

have_library: checking for CPXcopylp() in -lcplex1260... -------------------- yes

"gcc -o conftest -I/usr/local/include/ruby-2.0.0/x86_64-linux -I/usr/local/include/ruby-2.0.0/ruby/backward -I/usr/local/include/ruby-2.0.0 -I. -I/home/me/DFG_ILP/ext/include     -O3 -fno-fast-math -ggdb3 -Wall -Wextra -Wno-unused-parameter -Wno-parentheses -Wno-long-long -Wno-missing-field-initializers -Wunused-variable -Wpointer-arith -Wwrite-strings -Wdeclaration-after-statement -Wimplicit-function-declaration conftest.c  -L. -L/usr/local/lib -Wl,-R/usr/local/lib -L/home/me/DFG_ILP/lib -Wl,-R/home/me/DFG_ILP/lib -L. -fstack-protector -rdynamic -Wl,-export-dynamic    -llpsolve55  -Wl,-R -Wl,/usr/local/lib -L/usr/local/lib -lruby-static -lcplex1260 -llpsolve55  -lpthread -lrt -ldl -lcrypt -lm   -lc"
conftest.c: In function ‘t’:
conftest.c:5:57: error: ‘CPXcopylp’ undeclared (first use in this function)
conftest.c:5:57: note: each undeclared identifier is reported only once for each function it appears in
conftest.c:5:32: warning: variable ‘p’ set but not used [-Wunused-but-set-variable]
checked program was:
/* begin */
 1: #include "ruby.h"
 2: 
 3: /*top*/
 4: extern int t(void);
 5: int t(void) { void ((*volatile p)()); p = (void ((*)()))CPXcopylp; return 0; }
 6: int main(int argc, char **argv)
 7: {
 8:   if (argc > 1000000) {
 9:     printf("%p", &t);
10:   }
11: 
12:   return 0;
13: }
/* end */

"gcc -o conftest -I/usr/local/include/ruby-2.0.0/x86_64-linux -I/usr/local/include/ruby-2.0.0/ruby/backward -I/usr/local/include/ruby-2.0.0 -I. -I/home/me/DFG_ILP/ext/include     -O3 -fno-fast-math -ggdb3 -Wall -Wextra -Wno-unused-parameter -Wno-parentheses -Wno-long-long -Wno-missing-field-initializers -Wunused-variable -Wpointer-arith -Wwrite-strings -Wdeclaration-after-statement -Wimplicit-function-declaration conftest.c  -L. -L/usr/local/lib -Wl,-R/usr/local/lib -L/home/me/DFG_ILP/lib -Wl,-R/home/me/DFG_ILP/lib -L. -fstack-protector -rdynamic -Wl,-export-dynamic    -llpsolve55  -Wl,-R -Wl,/usr/local/lib -L/usr/local/lib -lruby-static -lcplex1260 -llpsolve55  -lpthread -lrt -ldl -lcrypt -lm   -lc"
conftest.c: In function ‘t’:
conftest.c:5:1: warning: implicit declaration of function ‘CPXcopylp’ [-Wimplicit-function-declaration]
checked program was:
/* begin */
 1: #include "ruby.h"
 2: 
 3: /*top*/
 4: extern int t(void);
 5: int t(void) { CPXcopylp(); return 0; }
 6: int main(int argc, char **argv)
 7: {
 8:   if (argc > 1000000) {
 9:     printf("%p", &t);
10:   }
11: 
12:   return 0;
13: }
/* end */

--------------------

have_header: checking for ilcplex/cplex.h... -------------------- yes

"gcc -E -I/usr/local/include/ruby-2.0.0/x86_64-linux -I/usr/local/include/ruby-2.0.0/ruby/backward -I/usr/local/include/ruby-2.0.0 -I. -I/home/me/DFG_ILP/ext/include     -O3 -fno-fast-math -ggdb3 -Wall -Wextra -Wno-unused-parameter -Wno-parentheses -Wno-long-long -Wno-missing-field-initializers -Wunused-variable -Wpointer-arith -Wwrite-strings -Wdeclaration-after-statement -Wimplicit-function-declaration  conftest.c -o conftest.i"
checked program was:
/* begin */
1: #include "ruby.h"
2: 
3: #include <ilcplex/cplex.h>
/* end */

--------------------

have_library: checking for GRBnewmodel() in -lgurobi... -------------------- yes

"gcc -o conftest -I/usr/local/include/ruby-2.0.0/x86_64-linux -I/usr/local/include/ruby-2.0.0/ruby/backward -I/usr/local/include/ruby-2.0.0 -I. -I/home/me/DFG_ILP/ext/include     -O3 -fno-fast-math -ggdb3 -Wall -Wextra -Wno-unused-parameter -Wno-parentheses -Wno-long-long -Wno-missing-field-initializers -Wunused-variable -Wpointer-arith -Wwrite-strings -Wdeclaration-after-statement -Wimplicit-function-declaration conftest.c  -L. -L/usr/local/lib -Wl,-R/usr/local/lib -L/home/me/DFG_ILP/lib -Wl,-R/home/me/DFG_ILP/lib -L. -fstack-protector -rdynamic -Wl,-export-dynamic    -lcplex1260 -llpsolve55  -Wl,-R -Wl,/usr/local/lib -L/usr/local/lib -lruby-static -lgurobi -lcplex1260 -llpsolve55  -lpthread -lrt -ldl -lcrypt -lm   -lc"
conftest.c: In function ‘t’:
conftest.c:5:57: error: ‘GRBnewmodel’ undeclared (first use in this function)
conftest.c:5:57: note: each undeclared identifier is reported only once for each function it appears in
conftest.c:5:32: warning: variable ‘p’ set but not used [-Wunused-but-set-variable]
checked program was:
/* begin */
 1: #include "ruby.h"
 2: 
 3: /*top*/
 4: extern int t(void);
 5: int t(void) { void ((*volatile p)()); p = (void ((*)()))GRBnewmodel; return 0; }
 6: int main(int argc, char **argv)
 7: {
 8:   if (argc > 1000000) {
 9:     printf("%p", &t);
10:   }
11: 
12:   return 0;
13: }
/* end */

"gcc -o conftest -I/usr/local/include/ruby-2.0.0/x86_64-linux -I/usr/local/include/ruby-2.0.0/ruby/backward -I/usr/local/include/ruby-2.0.0 -I. -I/home/me/DFG_ILP/ext/include     -O3 -fno-fast-math -ggdb3 -Wall -Wextra -Wno-unused-parameter -Wno-parentheses -Wno-long-long -Wno-missing-field-initializers -Wunused-variable -Wpointer-arith -Wwrite-strings -Wdeclaration-after-statement -Wimplicit-function-declaration conftest.c  -L. -L/usr/local/lib -Wl,-R/usr/local/lib -L/home/me/DFG_ILP/lib -Wl,-R/home/me/DFG_ILP/lib -L. -fstack-protector -rdynamic -Wl,-export-dynamic    -lcplex1260 -llpsolve55  -Wl,-R -Wl,/usr/local/lib -L/usr/local/lib -lruby-static -lgurobi -lcplex1260 -llpsolve55  -lpthread -lrt -ldl -lcrypt -lm   -lc"
conftest.c: In function ‘t’:
conftest.c:5:1: warning: implicit declaration of function ‘GRBnewmodel’ [-Wimplicit-function-declaration]
checked program was:
/* begin */
 1: #include "ruby.h"
 2: 
 3: /*top*/
 4: extern int t(void);
 5: int t(void) { GRBnewmodel(); return 0; }
 6: int main(int argc, char **argv)
 7: {
 8:   if (argc > 1000000) {
 9:     printf("%p", &t);
10:   }
11: 
12:   return 0;
13: }
/* end */

--------------------

have_header: checking for gurobi/gurobi_c.h... -------------------- yes

"gcc -E -I/usr/local/include/ruby-2.0.0/x86_64-linux -I/usr/local/include/ruby-2.0.0/ruby/backward -I/usr/local/include/ruby-2.0.0 -I. -I/home/me/DFG_ILP/ext/include     -O3 -fno-fast-math -ggdb3 -Wall -Wextra -Wno-unused-parameter -Wno-parentheses -Wno-long-long -Wno-missing-field-initializers -Wunused-variable -Wpointer-arith -Wwrite-strings -Wdeclaration-after-statement -Wimplicit-function-declaration  conftest.c -o conftest.i"
checked program was:
/* begin */
1: #include "ruby.h"
2: 
3: #include <gurobi/gurobi_c.h>
/* end */

--------------------

have_library: checking for pthread_create() in -lpthread... -------------------- yes

"gcc -o conftest -I/usr/local/include/ruby-2.0.0/x86_64-linux -I/usr/local/include/ruby-2.0.0/ruby/backward -I/usr/local/include/ruby-2.0.0 -I. -I/home/me/DFG_ILP/ext/include     -O3 -fno-fast-math -ggdb3 -Wall -Wextra -Wno-unused-parameter -Wno-parentheses -Wno-long-long -Wno-missing-field-initializers -Wunused-variable -Wpointer-arith -Wwrite-strings -Wdeclaration-after-statement -Wimplicit-function-declaration conftest.c  -L. -L/usr/local/lib -Wl,-R/usr/local/lib -L/home/me/DFG_ILP/lib -Wl,-R/home/me/DFG_ILP/lib -L. -fstack-protector -rdynamic -Wl,-export-dynamic    -lgurobi -lcplex1260 -llpsolve55  -Wl,-R -Wl,/usr/local/lib -L/usr/local/lib -lruby-static -lpthread -lgurobi -lcplex1260 -llpsolve55  -lpthread -lrt -ldl -lcrypt -lm   -lc"
conftest.c: In function ‘t’:
conftest.c:5:57: error: ‘pthread_create’ undeclared (first use in this function)
conftest.c:5:57: note: each undeclared identifier is reported only once for each function it appears in
conftest.c:5:32: warning: variable ‘p’ set but not used [-Wunused-but-set-variable]
checked program was:
/* begin */
 1: #include "ruby.h"
 2: 
 3: /*top*/
 4: extern int t(void);
 5: int t(void) { void ((*volatile p)()); p = (void ((*)()))pthread_create; return 0; }
 6: int main(int argc, char **argv)
 7: {
 8:   if (argc > 1000000) {
 9:     printf("%p", &t);
10:   }
11: 
12:   return 0;
13: }
/* end */

"gcc -o conftest -I/usr/local/include/ruby-2.0.0/x86_64-linux -I/usr/local/include/ruby-2.0.0/ruby/backward -I/usr/local/include/ruby-2.0.0 -I. -I/home/me/DFG_ILP/ext/include     -O3 -fno-fast-math -ggdb3 -Wall -Wextra -Wno-unused-parameter -Wno-parentheses -Wno-long-long -Wno-missing-field-initializers -Wunused-variable -Wpointer-arith -Wwrite-strings -Wdeclaration-after-statement -Wimplicit-function-declaration conftest.c  -L. -L/usr/local/lib -Wl,-R/usr/local/lib -L/home/me/DFG_ILP/lib -Wl,-R/home/me/DFG_ILP/lib -L. -fstack-protector -rdynamic -Wl,-export-dynamic    -lgurobi -lcplex1260 -llpsolve55  -Wl,-R -Wl,/usr/local/lib -L/usr/local/lib -lruby-static -lpthread -lgurobi -lcplex1260 -llpsolve55  -lpthread -lrt -ldl -lcrypt -lm   -lc"
conftest.c: In function ‘t’:
conftest.c:5:1: warning: implicit declaration of function ‘pthread_create’ [-Wimplicit-function-declaration]
checked program was:
/* begin */
 1: #include "ruby.h"
 2: 
 3: /*top*/
 4: extern int t(void);
 5: int t(void) { pthread_create(); return 0; }
 6: int main(int argc, char **argv)
 7: {
 8:   if (argc > 1000000) {
 9:     printf("%p", &t);
10:   }
11: 
12:   return 0;
13: }
/* end */

--------------------

have_header: checking for pthread.h... -------------------- yes

"gcc -E -I/usr/local/include/ruby-2.0.0/x86_64-linux -I/usr/local/include/ruby-2.0.0/ruby/backward -I/usr/local/include/ruby-2.0.0 -I. -I/home/me/DFG_ILP/ext/include     -O3 -fno-fast-math -ggdb3 -Wall -Wextra -Wno-unused-parameter -Wno-parentheses -Wno-long-long -Wno-missing-field-initializers -Wunused-variable -Wpointer-arith -Wwrite-strings -Wdeclaration-after-statement -Wimplicit-function-declaration  conftest.c -o conftest.i"
checked program was:
/* begin */
1: #include "ruby.h"
2: 
3: #include <pthread.h>
/* end */

--------------------

extconf.h is:
/* begin */
1: #ifndef EXTCONF_H
2: #define EXTCONF_H
3: #define HAVE_LPSOLVE_LP_LIB_H 1
4: #define HAVE_ILCPLEX_CPLEX_H 1
5: #define HAVE_GUROBI_GUROBI_C_H 1
6: #define HAVE_PTHREAD_H 1
7: #endif
/* end */

