have_library: checking for main() in -lfl... -------------------- yes

"clang -o conftest -I/usr/local/include/ruby-2.0.0/x86_64-linux -I/usr/local/include/ruby-2.0.0/ruby/backward -I/usr/local/include/ruby-2.0.0 -I.     -O3 -ggdb3 -Wall -Wextra -Wno-unused-parameter -Wno-parentheses -Wno-long-long -Wno-missing-field-initializers -Wunused-variable -Wpointer-arith -Wwrite-strings -Wdeclaration-after-statement -Wshorten-64-to-32 -Wimplicit-function-declaration conftest.c  -L. -L/usr/local/lib -Wl,-R/usr/local/lib -L. -fstack-protector -rdynamic -Wl,-export-dynamic     -Wl,-R -Wl,/usr/local/lib -L/usr/local/lib -lruby-static  -lpthread -lrt -ldl -lcrypt -lm   -lc"
checked program was:
/* begin */
1: #include "ruby.h"
2: 
3: int main(int argc, char **argv)
4: {
5:   return 0;
6: }
/* end */

"clang -o conftest -I/usr/local/include/ruby-2.0.0/x86_64-linux -I/usr/local/include/ruby-2.0.0/ruby/backward -I/usr/local/include/ruby-2.0.0 -I.     -O3 -ggdb3 -Wall -Wextra -Wno-unused-parameter -Wno-parentheses -Wno-long-long -Wno-missing-field-initializers -Wunused-variable -Wpointer-arith -Wwrite-strings -Wdeclaration-after-statement -Wshorten-64-to-32 -Wimplicit-function-declaration conftest.c  -L. -L/usr/local/lib -Wl,-R/usr/local/lib -L. -fstack-protector -rdynamic -Wl,-export-dynamic     -Wl,-R -Wl,/usr/local/lib -L/usr/local/lib -lruby-static -lfl  -lpthread -lrt -ldl -lcrypt -lm   -lc"
conftest.c:5:57: error: use of undeclared identifier 'main'
int t(void) { void ((*volatile p)()); p = (void ((*)()))main; return 0; }
                                                        ^
1 error generated.
checked program was:
/* begin */
 1: #include "ruby.h"
 2: 
 3: /*top*/
 4: extern int t(void);
 5: int t(void) { void ((*volatile p)()); p = (void ((*)()))main; return 0; }
 6: int main(int argc, char **argv)
 7: {
 8:   if (argc > 1000000) {
 9:     printf("%p", &t);
10:   }
11: 
12:   return 0;
13: }
/* end */

"clang -o conftest -I/usr/local/include/ruby-2.0.0/x86_64-linux -I/usr/local/include/ruby-2.0.0/ruby/backward -I/usr/local/include/ruby-2.0.0 -I.     -O3 -ggdb3 -Wall -Wextra -Wno-unused-parameter -Wno-parentheses -Wno-long-long -Wno-missing-field-initializers -Wunused-variable -Wpointer-arith -Wwrite-strings -Wdeclaration-after-statement -Wshorten-64-to-32 -Wimplicit-function-declaration conftest.c  -L. -L/usr/local/lib -Wl,-R/usr/local/lib -L. -fstack-protector -rdynamic -Wl,-export-dynamic     -Wl,-R -Wl,/usr/local/lib -L/usr/local/lib -lruby-static -lfl  -lpthread -lrt -ldl -lcrypt -lm   -lc"
conftest.c:5:15: warning: implicit declaration of function 'main' is invalid in C99 [-Wimplicit-function-declaration]
int t(void) { main(); return 0; }
              ^
1 warning generated.
checked program was:
/* begin */
 1: #include "ruby.h"
 2: 
 3: /*top*/
 4: extern int t(void);
 5: int t(void) { main(); return 0; }
 6: int main(int argc, char **argv)
 7: {
 8:   if (argc > 1000000) {
 9:     printf("%p", &t);
10:   }
11: 
12:   return 0;
13: }
/* end */

--------------------

